16:37:38.975 [main] DEBUG org.apache.poi.openxml4j.opc.PackageRelationshipCollection - Parsing relationship: /_rels/.rels
16:37:39.000 [main] DEBUG org.apache.poi.ooxml.POIXMLFactory - using default POIXMLDocumentPart for http://schemas.openxmlformats.org/officeDocument/2006/relationships/printerSettings
16:37:39.023 [main] DEBUG org.apache.poi.openxml4j.opc.PackageRelationshipCollection - Parsing relationship: /xl/_rels/workbook.xml.rels
16:37:39.024 [main] DEBUG org.apache.poi.openxml4j.opc.PackageRelationshipCollection - Parsing relationship: /xl/worksheets/_rels/sheet1.xml.rels
16:37:39.026 [main] DEBUG org.apache.poi.openxml4j.opc.PackageRelationshipCollection - Parsing relationship: /_rels/.rels
16:37:39.050 [main] DEBUG org.apache.poi.ooxml.POIXMLFactory - using default POIXMLDocumentPart for http://schemas.openxmlformats.org/officeDocument/2006/relationships/printerSettings
16:37:39.074 [main] DEBUG org.apache.poi.openxml4j.opc.PackageRelationshipCollection - Parsing relationship: /xl/_rels/workbook.xml.rels
16:37:39.076 [main] DEBUG org.apache.poi.openxml4j.opc.PackageRelationshipCollection - Parsing relationship: /xl/worksheets/_rels/sheet1.xml.rels
16:37:39.077 [main] DEBUG org.apache.poi.openxml4j.opc.PackageRelationshipCollection - Parsing relationship: /_rels/.rels
16:37:39.092 [main] DEBUG org.apache.poi.ooxml.POIXMLFactory - using default POIXMLDocumentPart for http://schemas.openxmlformats.org/officeDocument/2006/relationships/printerSettings
18:23:40.180 [main] DEBUG testCases.TC_001_Login_test - TC_001_Start here
18:46:12.660 [main] DEBUG testCases.TC_001_Login_test - TC_001_Start here
18:54:59.470 [main] DEBUG testCases.TC_001_Login_test - TC_001_Start here
20:34:06.126 [main] DEBUG testCases.TC_001_Login_test - TC_001_Start here
20:35:39.577 [main] DEBUG testCases.TC_001_Login_test - TC_001_Start here
15:06:27.860 [main] DEBUG testCases.TC_001_Login_test - TC_001_Start here
15:09:01.175 [main] DEBUG testCases.TC_001_Login_test - TC_001_Start here
20:17:55.732 [main] DEBUG testCases.TC_001_Login_test - TC_001_Start here
11:32:30.597 [main] DEBUG testCases.TC_001_Login_test - TC_001_Start here
12:50:41.157 [main] DEBUG testCases.TC_001_Login_test - TC_001_Start here
12:51:51.992 [main] DEBUG testCases.TC_001_Login_test - TC_001_Start here
12:55:22.436 [main] DEBUG testCases.TC_001_Login_test - TC_001_Start here
12:58:31.901 [main] DEBUG testCases.TC_001_Login_test - TC_001_Start here
14:01:38.601 [main] DEBUG testCases.TC_001_Login_test - TC_001_Start here
15:56:20.730 [main] DEBUG testCases.TC_001_Login_test - TC_001_Start here
15:58:29.932 [main] DEBUG testCases.TC_001_Login_test - TC_001_Start here
16:09:25.054 [main] DEBUG testCases.TC_001_Login_test - TC_001_Start here
16:42:01.732 [main] DEBUG testCases.TC_001_Login_test - TC_001_Start here
16:47:22.665 [main] DEBUG testCases.TC_001_Login_test - TC_001_Start here
